{"ts":1770189076.234665,"ts_local":"15:11:16.234","level":"INFO","dir":"SYS","msg":"Connected to Serial Port: /dev/cu.usbmodem11402 @ 420000","data_len":0,"data_hex":""}
{"ts":1770189076.2350788,"ts_local":"15:11:16.235","level":"INFO","dir":"SYS","msg":"TCP Server listening on 0.0.0.0:5761","data_len":0,"data_hex":""}
{"ts":1770189078.792008,"ts_local":"15:11:18.792","level":"INFO","dir":"TCP","msg":"Client connected: ('127.0.0.1', 57691)","data_len":0,"data_hex":""}
{"ts":1770189078.8129761,"ts_local":"15:11:18.812","level":"INFO","dir":"TCP->SER","msg":"Received 9 bytes from TCP | MSP v2 dir=REQ cmd=MSP_API_VERSION(0x0001) len=0 flags=0x00 ck=OK","data_len":9,"data_hex":"24583C000100000045"}
{"ts":1770189078.813138,"ts_local":"15:11:18.813","level":"INFO","dir":"GEN","msg":"Built CRSF frame | MSP v2 dir=REQ cmd=MSP_API_VERSION(0x0001) len=0 flags=0x00 ck=OK","data_len":12,"data_hex":"C80A7AC8EC500001000000FA"}
{"ts":1770189078.817864,"ts_local":"15:11:18.817","level":"INFO","dir":"SER->TCP","msg":"CRSF frame | CRSF type=MSP_RESP addr=FC(0xC8) len=13 pl=11 crc=OK","data_len":15,"data_hex":"C80D7BECC85D0001000300000205C4"}
{"ts":1770189078.8179479,"ts_local":"15:11:18.817","level":"INFO","dir":"SER->TCP","msg":"Sent MSP frame (12 bytes) | MSP v2 dir=RESP cmd=MSP_API_VERSION(0x0001) len=3 flags=0x00 ck=OK","data_len":12,"data_hex":"24583E0001000300000205A6"}
{"ts":1770189078.8394911,"ts_local":"15:11:18.839","level":"INFO","dir":"TCP->SER","msg":"Received 9 bytes from TCP | MSP v2 dir=REQ cmd=MSP_FC_VARIANT(0x0002) len=0 flags=0x00 ck=OK","data_len":9,"data_hex":"24583C00020000008A"}
{"ts":1770189078.839606,"ts_local":"15:11:18.839","level":"INFO","dir":"GEN","msg":"Built CRSF frame | MSP v2 dir=REQ cmd=MSP_FC_VARIANT(0x0002) len=0 flags=0x00 ck=OK","data_len":12,"data_hex":"C80A7AC8EC510002000000AD"}
{"ts":1770189078.843889,"ts_local":"15:11:18.843","level":"INFO","dir":"SER->TCP","msg":"CRSF frame | CRSF type=MSP_RESP addr=FC(0xC8) len=14 pl=12 crc=OK","data_len":16,"data_hex":"C80E7BECC85E0002000400494E4156E1"}
{"ts":1770189078.843956,"ts_local":"15:11:18.843","level":"INFO","dir":"SER->TCP","msg":"Sent MSP frame (13 bytes) | MSP v2 dir=RESP cmd=MSP_FC_VARIANT(0x0002) len=4 flags=0x00 ck=OK","data_len":13,"data_hex":"24583E0002000400494E415694"}
{"ts":1770189078.859953,"ts_local":"15:11:18.859","level":"INFO","dir":"TCP->SER","msg":"Received 9 bytes from TCP | MSP v2 dir=REQ cmd=MSP_FC_VERSION(0x0003) len=0 flags=0x00 ck=OK","data_len":9,"data_hex":"24583C0003000000CF"}
{"ts":1770189078.860042,"ts_local":"15:11:18.860","level":"INFO","dir":"GEN","msg":"Built CRSF frame | MSP v2 dir=REQ cmd=MSP_FC_VERSION(0x0003) len=0 flags=0x00 ck=OK","data_len":12,"data_hex":"C80A7AC8EC52000300000095"}
{"ts":1770189078.864884,"ts_local":"15:11:18.864","level":"INFO","dir":"SER->TCP","msg":"CRSF frame | CRSF type=MSP_RESP addr=FC(0xC8) len=13 pl=11 crc=OK","data_len":15,"data_hex":"C80D7BECC85F00030003000900000F"}
{"ts":1770189078.864949,"ts_local":"15:11:18.864","level":"INFO","dir":"SER->TCP","msg":"Sent MSP frame (12 bytes) | MSP v2 dir=RESP cmd=MSP_FC_VERSION(0x0003) len=3 flags=0x00 ck=OK","data_len":12,"data_hex":"24583E000300030009000003"}
{"ts":1770189078.878792,"ts_local":"15:11:18.878","level":"INFO","dir":"TCP->SER","msg":"Received 9 bytes from TCP | MSP v2 dir=REQ cmd=MSP_NAME(0x000A) len=0 flags=0x00 ck=OK","data_len":9,"data_hex":"24583C000A000000DD"}
{"ts":1770189078.8788428,"ts_local":"15:11:18.878","level":"INFO","dir":"GEN","msg":"Built CRSF frame | MSP v2 dir=REQ cmd=MSP_NAME(0x000A) len=0 flags=0x00 ck=OK","data_len":12,"data_hex":"C80A7AC8EC53000A0000001F"}
{"ts":1770189078.884896,"ts_local":"15:11:18.884","level":"INFO","dir":"SER->TCP","msg":"CRSF frame | CRSF type=MSP_RESP addr=FC(0xC8) len=10 pl=8 crc=OK","data_len":12,"data_hex":"C80A7BECC850000A00000047"}
{"ts":1770189078.884971,"ts_local":"15:11:18.884","level":"INFO","dir":"SER->TCP","msg":"Sent MSP frame (9 bytes) | MSP v2 dir=RESP cmd=MSP_NAME(0x000A) len=0 flags=0x00 ck=OK","data_len":9,"data_hex":"24583E000A000000DD"}
{"ts":1770189078.89937,"ts_local":"15:11:18.899","level":"INFO","dir":"TCP->SER","msg":"Received 9 bytes from TCP | MSP v2 dir=REQ cmd=MSP_BUILD_INFO(0x0005) len=0 flags=0x00 ck=OK","data_len":9,"data_hex":"24583C000500000084"}
{"ts":1770189078.899489,"ts_local":"15:11:18.899","level":"INFO","dir":"GEN","msg":"Built CRSF frame | MSP v2 dir=REQ cmd=MSP_BUILD_INFO(0x0005) len=0 flags=0x00 ck=OK","data_len":12,"data_hex":"C80A7AC8EC54000500000024"}
{"ts":1770189078.904939,"ts_local":"15:11:18.904","level":"INFO","dir":"SER->TCP","msg":"CRSF frame | CRSF type=MSP_RESP addr=FC(0xC8) len=37 pl=35 crc=OK","data_len":39,"data_hex":"C8257BECC8510005001B00466562202034203230323631343A31343A3538643466306166663610"}
{"ts":1770189078.905015,"ts_local":"15:11:18.905","level":"INFO","dir":"SER->TCP","msg":"Sent MSP frame (36 bytes) | MSP v2 dir=RESP cmd=MSP_BUILD_INFO(0x0005) len=27 flags=0x00 ck=OK","data_len":36,"data_hex":"24583E0005001B00466562202034203230323631343A31343A35386434663061666636D8"}
{"ts":1770189078.919054,"ts_local":"15:11:18.919","level":"INFO","dir":"TCP->SER","msg":"Received 9 bytes from TCP | MSP v2 dir=REQ cmd=MSP_BOARD_INFO(0x0004) len=0 flags=0x00 ck=OK","data_len":9,"data_hex":"24583C0004000000C1"}
{"ts":1770189078.919123,"ts_local":"15:11:18.919","level":"INFO","dir":"GEN","msg":"Built CRSF frame | MSP v2 dir=REQ cmd=MSP_BOARD_INFO(0x0004) len=0 flags=0x00 ck=OK","data_len":12,"data_hex":"C80A7AC8EC550004000000F9"}
{"ts":1770189078.9239411,"ts_local":"15:11:18.923","level":"INFO","dir":"SER->TCP","msg":"CRSF frame | CRSF type=MSP_RESP addr=FC(0xC8) len=39 pl=37 crc=OK","data_len":41,"data_hex":"C8277BECC8520004001D004E52465700000200144E455554524F4E5243463433354D494E495F465733"}
{"ts":1770189078.924027,"ts_local":"15:11:18.924","level":"INFO","dir":"SER->TCP","msg":"Sent MSP frame (38 bytes) | MSP v2 dir=RESP cmd=MSP_BOARD_INFO(0x0004) len=29 flags=0x00 ck=OK","data_len":38,"data_hex":"24583E0004001D004E52465700000200144E455554524F4E5243463433354D494E495F465779"}
{"ts":1770189078.93939,"ts_local":"15:11:18.939","level":"INFO","dir":"TCP->SER","msg":"Received 9 bytes from TCP | MSP v2 dir=REQ cmd=MSP_UID(0x00A0) len=0 flags=0x00 ck=OK","data_len":9,"data_hex":"24583C00A0000000D2"}
{"ts":1770189078.939432,"ts_local":"15:11:18.939","level":"INFO","dir":"GEN","msg":"Built CRSF frame | MSP v2 dir=REQ cmd=MSP_UID(0x00A0) len=0 flags=0x00 ck=OK","data_len":12,"data_hex":"C80A7AC8EC5600A000000097"}
{"ts":1770189078.9438999,"ts_local":"15:11:18.943","level":"INFO","dir":"SER->TCP","msg":"CRSF frame | CRSF type=MSP_RESP addr=FC(0xC8) len=22 pl=20 crc=OK","data_len":24,"data_hex":"C8167BECC85300A0000C00182B991000C0D50D0197100DEF"}
{"ts":1770189078.943976,"ts_local":"15:11:18.943","level":"INFO","dir":"SER->TCP","msg":"Sent MSP frame (21 bytes) | MSP v2 dir=RESP cmd=MSP_UID(0x00A0) len=12 flags=0x00 ck=OK","data_len":21,"data_hex":"24583E00A0000C00182B991000C0D50D0197100D83"}
{"ts":1770189078.9692218,"ts_local":"15:11:18.969","level":"INFO","dir":"TCP->SER","msg":"Received 9 bytes from TCP | MSP v2 dir=REQ cmd=MSP_BOXIDS(0x0077) len=0 flags=0x00 ck=OK","data_len":9,"data_hex":"24583C0077000000EE"}
{"ts":1770189078.9693499,"ts_local":"15:11:18.969","level":"INFO","dir":"GEN","msg":"Built CRSF frame | MSP v2 dir=REQ cmd=MSP_BOXIDS(0x0077) len=0 flags=0x00 ck=OK","data_len":12,"data_hex":"C80A7AC8EC57007700000033"}
{"ts":1770189078.97595,"ts_local":"15:11:18.975","level":"INFO","dir":"SER->TCP","msg":"CRSF frame | CRSF type=MSP_RESP addr=FC(0xC8) len=41 pl=39 crc=OK","data_len":43,"data_hex":"C8297BECC8540077001F0000333D0102230508030C24251536400D3C131B2728292A2B2C323E3F4142434D"}
{"ts":1770189078.976038,"ts_local":"15:11:18.976","level":"INFO","dir":"SER->TCP","msg":"Sent MSP frame (40 bytes) | MSP v2 dir=RESP cmd=MSP_BOXIDS(0x0077) len=31 flags=0x00 ck=OK","data_len":40,"data_hex":"24583E0077001F0000333D0102230508030C24251536400D3C131B2728292A2B2C323E3F414243C8"}
{"ts":1770189078.9890392,"ts_local":"15:11:18.989","level":"INFO","dir":"TCP->SER","msg":"Received 9 bytes from TCP | MSP v2 dir=REQ cmd=MSP_DATAFLASH_SUMMARY(0x0046) len=0 flags=0x00 ck=OK","data_len":9,"data_hex":"24583C00460000008C"}
{"ts":1770189078.989179,"ts_local":"15:11:18.989","level":"INFO","dir":"GEN","msg":"Built CRSF frame | MSP v2 dir=REQ cmd=MSP_DATAFLASH_SUMMARY(0x0046) len=0 flags=0x00 ck=OK","data_len":12,"data_hex":"C80A7AC8EC5800460000000D"}
{"ts":1770189078.9938948,"ts_local":"15:11:18.993","level":"INFO","dir":"SER->TCP","msg":"CRSF frame | CRSF type=MSP_RESP addr=FC(0xC8) len=23 pl=21 crc=OK","data_len":25,"data_hex":"C8177BECC8550046000D00000000000000000000000000005A"}
{"ts":1770189078.9939709,"ts_local":"15:11:18.993","level":"INFO","dir":"SER->TCP","msg":"Sent MSP frame (22 bytes) | MSP v2 dir=RESP cmd=MSP_DATAFLASH_SUMMARY(0x0046) len=13 flags=0x00 ck=OK","data_len":22,"data_hex":"24583E0046000D0000000000000000000000000000A5"}
{"ts":1770189079.0099258,"ts_local":"15:11:19.009","level":"INFO","dir":"TCP->SER","msg":"Received 9 bytes from TCP | MSP v2 dir=REQ cmd=MSP2_INAV_MIXER(0x2010) len=0 flags=0x00 ck=OK","data_len":9,"data_hex":"24583C00102000009C"}
{"ts":1770189079.009995,"ts_local":"15:11:19.009","level":"INFO","dir":"GEN","msg":"Built CRSF frame | MSP v2 dir=REQ cmd=MSP2_INAV_MIXER(0x2010) len=0 flags=0x00 ck=OK","data_len":12,"data_hex":"C80A7AC8EC59001020000085"}
{"ts":1770189079.01488,"ts_local":"15:11:19.014","level":"INFO","dir":"SER->TCP","msg":"CRSF frame | CRSF type=MSP_RESP addr=FC(0xC8) len=19 pl=17 crc=OK","data_len":21,"data_hex":"C8137BECC856001020090000000101001B000C12BB"}
{"ts":1770189079.0149388,"ts_local":"15:11:19.014","level":"INFO","dir":"SER->TCP","msg":"Sent MSP frame (18 bytes) | MSP v2 dir=RESP cmd=MSP2_INAV_MIXER(0x2010) len=9 flags=0x00 ck=OK","data_len":18,"data_hex":"24583E001020090000000101001B000C1218"}
{"ts":1770189079.029322,"ts_local":"15:11:19.029","level":"INFO","dir":"TCP->SER","msg":"Received 12 bytes from TCP | MSP v2 dir=REQ cmd=MSP2_COMMON_SETTING(0x1003) len=3 flags=0x00 ck=OK","data_len":12,"data_hex":"24583C000310030000D300A3"}
{"ts":1770189079.029363,"ts_local":"15:11:19.029","level":"INFO","dir":"GEN","msg":"Built CRSF frame | MSP v2 dir=REQ cmd=MSP2_COMMON_SETTING(0x1003) len=3 flags=0x00 ck=OK","data_len":15,"data_hex":"C80D7AC8EC5A000310030000D30086"}
{"ts":1770189079.0348759,"ts_local":"15:11:19.034","level":"INFO","dir":"SER->TCP","msg":"CRSF frame | CRSF type=MSP_RESP addr=FC(0xC8) len=10 pl=8 crc=OK","data_len":12,"data_hex":"C80A7BECC85700031000002E"}
{"ts":1770189079.034925,"ts_local":"15:11:19.034","level":"INFO","dir":"SER->TCP","msg":"Sent MSP frame (9 bytes) | MSP v2 dir=RESP cmd=MSP2_COMMON_SETTING(0x1003) len=0 flags=0x00 ck=OK","data_len":9,"data_hex":"24583E0003100000D6"}
{"ts":1770189079.0488021,"ts_local":"15:11:19.048","level":"INFO","dir":"TCP->SER","msg":"Received 9 bytes from TCP | MSP v2 dir=REQ cmd=MSP_FEATURE(0x0024) len=0 flags=0x00 ck=OK","data_len":9,"data_hex":"24583C002400000048"}
{"ts":1770189079.048854,"ts_local":"15:11:19.048","level":"INFO","dir":"GEN","msg":"Built CRSF frame | MSP v2 dir=REQ cmd=MSP_FEATURE(0x0024) len=0 flags=0x00 ck=OK","data_len":12,"data_hex":"C80A7AC8EC5B0024000000B4"}
{"ts":1770189079.052923,"ts_local":"15:11:19.052","level":"INFO","dir":"SER->TCP","msg":"CRSF frame | CRSF type=MSP_RESP addr=FC(0xC8) len=14 pl=12 crc=OK","data_len":16,"data_hex":"C80E7BECC8580024000400060C4000FD"}
{"ts":1770189079.052989,"ts_local":"15:11:19.052","level":"INFO","dir":"SER->TCP","msg":"Sent MSP frame (13 bytes) | MSP v2 dir=RESP cmd=MSP_FEATURE(0x0024) len=4 flags=0x00 ck=OK","data_len":13,"data_hex":"24583E0024000400060C4000EE"}
{"ts":1770189079.069396,"ts_local":"15:11:19.069","level":"INFO","dir":"TCP->SER","msg":"Received 9 bytes from TCP | MSP v2 dir=REQ cmd=MSP2_INAV_MIXER(0x2010) len=0 flags=0x00 ck=OK","data_len":9,"data_hex":"24583C00102000009C"}
{"ts":1770189079.069463,"ts_local":"15:11:19.069","level":"INFO","dir":"GEN","msg":"Built CRSF frame | MSP v2 dir=REQ cmd=MSP2_INAV_MIXER(0x2010) len=0 flags=0x00 ck=OK","data_len":12,"data_hex":"C80A7AC8EC5C001020000002"}
{"ts":1770189079.074888,"ts_local":"15:11:19.074","level":"INFO","dir":"SER->TCP","msg":"CRSF frame | CRSF type=MSP_RESP addr=FC(0xC8) len=19 pl=17 crc=OK","data_len":21,"data_hex":"C8137BECC859001020090000000101001B000C1212"}
{"ts":1770189079.074949,"ts_local":"15:11:19.074","level":"INFO","dir":"SER->TCP","msg":"Sent MSP frame (18 bytes) | MSP v2 dir=RESP cmd=MSP2_INAV_MIXER(0x2010) len=9 flags=0x00 ck=OK","data_len":18,"data_hex":"24583E001020090000000101001B000C1218"}
{"ts":1770189079.089704,"ts_local":"15:11:19.089","level":"INFO","dir":"TCP->SER","msg":"Received 9 bytes from TCP | MSP v2 dir=REQ cmd=MSP2_INAV_MISC(0x2003) len=0 flags=0x00 ck=OK","data_len":9,"data_hex":"24583C0003200000FD"}
{"ts":1770189079.089802,"ts_local":"15:11:19.089","level":"INFO","dir":"GEN","msg":"Built CRSF frame | MSP v2 dir=REQ cmd=MSP2_INAV_MISC(0x2003) len=0 flags=0x00 ck=OK","data_len":12,"data_hex":"C80A7AC8EC5D0003200000FB"}
{"ts":1770189079.094986,"ts_local":"15:11:19.094","level":"INFO","dir":"SER->TCP","msg":"CRSF frame | CRSF type=MSP_RESP addr=FC(0xC8) len=51 pl=49 crc=OK","data_len":53,"data_hex":"C8337BECC85A0003202900DC050000D007E803E8030000060000004C040000A9014A01A4015E0100000000000000000000000000CF"}
{"ts":1770189079.0950882,"ts_local":"15:11:19.095","level":"INFO","dir":"SER->TCP","msg":"Sent MSP frame (50 bytes) | MSP v2 dir=RESP cmd=MSP2_INAV_MISC(0x2003) len=41 flags=0x00 ck=OK","data_len":50,"data_hex":"24583E0003202900DC050000D007E803E8030000060000004C040000A9014A01A4015E010000000000000000000000000060"}
{"ts":1770189079.10927,"ts_local":"15:11:19.109","level":"INFO","dir":"TCP->SER","msg":"Received 9 bytes from TCP | MSP v2 dir=REQ cmd=MSP2_COMMON_SERIAL_CONFIG(0x1009) len=0 flags=0x00 ck=OK","data_len":9,"data_hex":"24583C00091000000B"}
{"ts":1770189079.109369,"ts_local":"15:11:19.109","level":"INFO","dir":"GEN","msg":"Built CRSF frame | MSP v2 dir=REQ cmd=MSP2_COMMON_SERIAL_CONFIG(0x1009) len=0 flags=0x00 ck=OK","data_len":12,"data_hex":"C80A7AC8EC5E000910000070"}
{"ts":1770189079.113936,"ts_local":"15:11:19.113","level":"INFO","dir":"SER->TCP","msg":"CRSF frame | CRSF type=MSP_RESP addr=FC(0xC8) len=37 pl=35 crc=OK","data_len":39,"data_hex":"C8257BECC85B0009101B0000400000000808000804010000000808000806000000000808000848"}
{"ts":1770189079.114002,"ts_local":"15:11:19.114","level":"INFO","dir":"SER->TCP","msg":"Sent MSP frame (36 bytes) | MSP v2 dir=RESP cmd=MSP2_COMMON_SERIAL_CONFIG(0x1009) len=27 flags=0x00 ck=OK","data_len":36,"data_hex":"24583E0009101B0000400000000808000804010000000808000806000000000808000840"}
{"ts":1770189079.4087381,"ts_local":"15:11:19.408","level":"INFO","dir":"TCP->SER","msg":"Received 9 bytes from TCP | MSP v2 dir=REQ cmd=MSP_FEATURE(0x0024) len=0 flags=0x00 ck=OK","data_len":9,"data_hex":"24583C002400000048"}
{"ts":1770189079.40883,"ts_local":"15:11:19.408","level":"INFO","dir":"GEN","msg":"Built CRSF frame | MSP v2 dir=REQ cmd=MSP_FEATURE(0x0024) len=0 flags=0x00 ck=OK","data_len":12,"data_hex":"C80A7AC8EC5600240000000D"}
{"ts":1770189079.414902,"ts_local":"15:11:19.414","level":"INFO","dir":"SER->TCP","msg":"CRSF frame | CRSF type=MSP_RESP addr=FC(0xC8) len=14 pl=12 crc=OK","data_len":16,"data_hex":"C80E7BECC8530024000400060C4000F5"}
{"ts":1770189079.414943,"ts_local":"15:11:19.414","level":"INFO","dir":"SER->TCP","msg":"Sent MSP frame (13 bytes) | MSP v2 dir=RESP cmd=MSP_FEATURE(0x0024) len=4 flags=0x00 ck=OK","data_len":13,"data_hex":"24583E0024000400060C4000EE"}
{"ts":1770189079.429216,"ts_local":"15:11:19.429","level":"INFO","dir":"TCP->SER","msg":"Received 9 bytes from TCP | MSP v2 dir=REQ cmd=MSP2_INAV_MIXER(0x2010) len=0 flags=0x00 ck=OK","data_len":9,"data_hex":"24583C00102000009C"}
{"ts":1770189079.429302,"ts_local":"15:11:19.429","level":"INFO","dir":"GEN","msg":"Built CRSF frame | MSP v2 dir=REQ cmd=MSP2_INAV_MIXER(0x2010) len=0 flags=0x00 ck=OK","data_len":12,"data_hex":"C80A7AC8EC57001020000041"}
{"ts":1770189079.433878,"ts_local":"15:11:19.433","level":"INFO","dir":"SER->TCP","msg":"CRSF frame | CRSF type=MSP_RESP addr=FC(0xC8) len=19 pl=17 crc=OK","data_len":21,"data_hex":"C8137BECC854001020090000000101001B000C12A2"}
{"ts":1770189079.4339871,"ts_local":"15:11:19.433","level":"INFO","dir":"SER->TCP","msg":"Sent MSP frame (18 bytes) | MSP v2 dir=RESP cmd=MSP2_INAV_MIXER(0x2010) len=9 flags=0x00 ck=OK","data_len":18,"data_hex":"24583E001020090000000101001B000C1218"}
{"ts":1770189079.4490209,"ts_local":"15:11:19.449","level":"INFO","dir":"TCP->SER","msg":"Received 9 bytes from TCP | MSP v2 dir=REQ cmd=MSP2_INAV_MISC(0x2003) len=0 flags=0x00 ck=OK","data_len":9,"data_hex":"24583C0003200000FD"}
{"ts":1770189079.449078,"ts_local":"15:11:19.449","level":"INFO","dir":"GEN","msg":"Built CRSF frame | MSP v2 dir=REQ cmd=MSP2_INAV_MISC(0x2003) len=0 flags=0x00 ck=OK","data_len":12,"data_hex":"C80A7AC8EC5800032000007C"}
{"ts":1770189079.45398,"ts_local":"15:11:19.453","level":"INFO","dir":"SER->TCP","msg":"CRSF frame | CRSF type=MSP_RESP addr=FC(0xC8) len=51 pl=49 crc=OK","data_len":53,"data_hex":"C8337BECC8550003202900DC050000D007E803E8030000060000004C040000A9014A01A4015E01000000000000000000000000003F"}
{"ts":1770189079.4540842,"ts_local":"15:11:19.454","level":"INFO","dir":"SER->TCP","msg":"Sent MSP frame (50 bytes) | MSP v2 dir=RESP cmd=MSP2_INAV_MISC(0x2003) len=41 flags=0x00 ck=OK","data_len":50,"data_hex":"24583E0003202900DC050000D007E803E8030000060000004C040000A9014A01A4015E010000000000000000000000000060"}
{"ts":1770189079.469333,"ts_local":"15:11:19.469","level":"INFO","dir":"TCP->SER","msg":"Received 9 bytes from TCP | MSP v2 dir=REQ cmd=MSP2_COMMON_SERIAL_CONFIG(0x1009) len=0 flags=0x00 ck=OK","data_len":9,"data_hex":"24583C00091000000B"}
{"ts":1770189079.469412,"ts_local":"15:11:19.469","level":"INFO","dir":"GEN","msg":"Built CRSF frame | MSP v2 dir=REQ cmd=MSP2_COMMON_SERIAL_CONFIG(0x1009) len=0 flags=0x00 ck=OK","data_len":12,"data_hex":"C80A7AC8EC59000910000012"}
{"ts":1770189079.474957,"ts_local":"15:11:19.474","level":"INFO","dir":"SER->TCP","msg":"CRSF frame | CRSF type=MSP_RESP addr=FC(0xC8) len=37 pl=35 crc=OK","data_len":39,"data_hex":"C8257BECC8560009101B00004000000008080008040100000008080008060000000008080008B9"}
{"ts":1770189079.475042,"ts_local":"15:11:19.475","level":"INFO","dir":"SER->TCP","msg":"Sent MSP frame (36 bytes) | MSP v2 dir=RESP cmd=MSP2_COMMON_SERIAL_CONFIG(0x1009) len=27 flags=0x00 ck=OK","data_len":36,"data_hex":"24583E0009101B0000400000000808000804010000000808000806000000000808000840"}
{"ts":1770189082.1895418,"ts_local":"15:11:22.189","level":"INFO","dir":"TCP->SER","msg":"Received 9 bytes from TCP | MSP v2 dir=REQ cmd=MSP2_INAV_MIXER(0x2010) len=0 flags=0x00 ck=OK","data_len":9,"data_hex":"24583C00102000009C"}
{"ts":1770189082.1896498,"ts_local":"15:11:22.189","level":"INFO","dir":"GEN","msg":"Built CRSF frame | MSP v2 dir=REQ cmd=MSP2_INAV_MIXER(0x2010) len=0 flags=0x00 ck=OK","data_len":12,"data_hex":"C80A7AC8EC5A0010200000F8"}
{"ts":1770189082.194881,"ts_local":"15:11:22.194","level":"INFO","dir":"SER->TCP","msg":"CRSF frame | CRSF type=MSP_RESP addr=FC(0xC8) len=19 pl=17 crc=OK","data_len":21,"data_hex":"C8137BECC857001020090000000101001B000C125D"}
{"ts":1770189082.194944,"ts_local":"15:11:22.194","level":"INFO","dir":"SER->TCP","msg":"Sent MSP frame (18 bytes) | MSP v2 dir=RESP cmd=MSP2_INAV_MIXER(0x2010) len=9 flags=0x00 ck=OK","data_len":18,"data_hex":"24583E001020090000000101001B000C1218"}
{"ts":1770189082.2089658,"ts_local":"15:11:22.208","level":"INFO","dir":"TCP->SER","msg":"Received 9 bytes from TCP | MSP v2 dir=REQ cmd=MSP_MOTOR(0x0068) len=0 flags=0x00 ck=OK","data_len":9,"data_hex":"24583C006800000019"}
{"ts":1770189082.209053,"ts_local":"15:11:22.209","level":"INFO","dir":"GEN","msg":"Built CRSF frame | MSP v2 dir=REQ cmd=MSP_MOTOR(0x0068) len=0 flags=0x00 ck=OK","data_len":12,"data_hex":"C80A7AC8EC5B0068000000E5"}
{"ts":1770189082.213902,"ts_local":"15:11:22.213","level":"INFO","dir":"SER->TCP","msg":"CRSF frame | CRSF type=MSP_RESP addr=FC(0xC8) len=26 pl=24 crc=OK","data_len":28,"data_hex":"C81A7BECC8580068001000E803E80307582FED7B18A85BD42E6581B4"}
{"ts":1770189082.21396,"ts_local":"15:11:22.213","level":"INFO","dir":"SER->TCP","msg":"Sent MSP frame (25 bytes) | MSP v2 dir=RESP cmd=MSP_MOTOR(0x0068) len=16 flags=0x00 ck=OK","data_len":25,"data_hex":"24583E0068001000E803E80307582FED7B18A85BD42E65812C"}
{"ts":1770189082.229866,"ts_local":"15:11:22.229","level":"INFO","dir":"TCP->SER","msg":"Received 9 bytes from TCP | MSP v2 dir=REQ cmd=MSP2_INAV_SERVO_MIXER(0x2020) len=0 flags=0x00 ck=OK","data_len":9,"data_hex":"24583C0020200000BB"}
{"ts":1770189082.230038,"ts_local":"15:11:22.230","level":"INFO","dir":"GEN","msg":"Built CRSF frame | MSP v2 dir=REQ cmd=MSP2_INAV_SERVO_MIXER(0x2020) len=0 flags=0x00 ck=OK","data_len":12,"data_hex":"C80A7AC8EC5C002020000025"}
{"ts":1770189082.234984,"ts_local":"15:11:22.234","level":"INFO","dir":"SER->TCP","msg":"CRSF frame | CRSF type=MSP_RESP addr=FC(0xC8) len=62 pl=60 crc=OK","data_len":64,"data_hex":"C83E7BECC859002020B0010000000000FF0000000000FF0000000000FF0000000000FF0000000000FF0000000000FF0000000000FF0000000000FF00000000E7"}
{"ts":1770189082.2369568,"ts_local":"15:11:22.236","level":"INFO","dir":"SER->TCP","msg":"CRSF frame | CRSF type=MSP_RESP addr=FC(0xC8) len=62 pl=60 crc=OK","data_len":64,"data_hex":"C83E7BECC84A00FF0000000000FF0000000000FF0000000000FF0000000000FF0000000000FF0000000000FF0000000000FF0000000000FF0000000000FF006D"}
{"ts":1770189082.238973,"ts_local":"15:11:22.238","level":"INFO","dir":"SER->TCP","msg":"CRSF frame | CRSF type=MSP_RESP addr=FC(0xC8) len=62 pl=60 crc=OK","data_len":64,"data_hex":"C83E7BECC84B00000000FF0000000000FF0000000000FF0000000000FF0000000000FF0000000000FF0000000000FF0000000000FF0000000000FF000000003C"}
{"ts":1770189082.2408419,"ts_local":"15:11:22.240","level":"INFO","dir":"SER->TCP","msg":"CRSF frame | CRSF type=MSP_RESP addr=FC(0xC8) len=15 pl=13 crc=OK","data_len":17,"data_hex":"C80F7BECC84C00FF0000000000FF000040"}
{"ts":1770189085.239991,"ts_local":"15:11:25.239","level":"INFO","dir":"TCP->SER","msg":"Received 9 bytes from TCP | MSP v2 dir=REQ cmd=MSP2_INAV_SERVO_MIXER(0x2020) len=0 flags=0x00 ck=OK","data_len":9,"data_hex":"24583C0020200000BB"}
{"ts":1770189085.2400708,"ts_local":"15:11:25.240","level":"INFO","dir":"GEN","msg":"Built CRSF frame | MSP v2 dir=REQ cmd=MSP2_INAV_SERVO_MIXER(0x2020) len=0 flags=0x00 ck=OK","data_len":12,"data_hex":"C80A7AC8EC590020200000A2"}
{"ts":1770189085.246946,"ts_local":"15:11:25.246","level":"INFO","dir":"SER->TCP","msg":"CRSF frame | CRSF type=MSP_RESP addr=FC(0xC8) len=62 pl=60 crc=OK","data_len":64,"data_hex":"C83E7BECC859002020B0010000000000FF0000000000FF0000000000FF0000000000FF0000000000FF0000000000FF0000000000FF0000000000FF00000000E7"}
{"ts":1770189085.2488692,"ts_local":"15:11:25.248","level":"INFO","dir":"SER->TCP","msg":"CRSF frame | CRSF type=MSP_RESP addr=FC(0xC8) len=62 pl=60 crc=OK","data_len":64,"data_hex":"C83E7BECC84A00FF0000000000FF0000000000FF0000000000FF0000000000FF0000000000FF0000000000FF0000000000FF0000000000FF0000000000FF006D"}
{"ts":1770189085.25085,"ts_local":"15:11:25.250","level":"INFO","dir":"SER->TCP","msg":"CRSF frame | CRSF type=MSP_RESP addr=FC(0xC8) len=62 pl=60 crc=OK","data_len":64,"data_hex":"C83E7BECC84B00000000FF0000000000FF0000000000FF0000000000FF0000000000FF0000000000FF0000000000FF0000000000FF0000000000FF000000003C"}
{"ts":1770189085.251819,"ts_local":"15:11:25.251","level":"INFO","dir":"SER->TCP","msg":"CRSF frame | CRSF type=MSP_RESP addr=FC(0xC8) len=15 pl=13 crc=OK","data_len":17,"data_hex":"C80F7BECC84C00FF0000000000FF000040"}
{"ts":1770189088.2497768,"ts_local":"15:11:28.249","level":"INFO","dir":"TCP->SER","msg":"Received 9 bytes from TCP | MSP v2 dir=REQ cmd=MSP2_INAV_SERVO_MIXER(0x2020) len=0 flags=0x00 ck=OK","data_len":9,"data_hex":"24583C0020200000BB"}
{"ts":1770189088.24991,"ts_local":"15:11:28.249","level":"INFO","dir":"GEN","msg":"Built CRSF frame | MSP v2 dir=REQ cmd=MSP2_INAV_SERVO_MIXER(0x2020) len=0 flags=0x00 ck=OK","data_len":12,"data_hex":"C80A7AC8EC560020200000FE"}
{"ts":1770189088.2559738,"ts_local":"15:11:28.255","level":"INFO","dir":"SER->TCP","msg":"CRSF frame | CRSF type=MSP_RESP addr=FC(0xC8) len=62 pl=60 crc=OK","data_len":64,"data_hex":"C83E7BECC859002020B0010000000000FF0000000000FF0000000000FF0000000000FF0000000000FF0000000000FF0000000000FF0000000000FF00000000E7"}
{"ts":1770189088.257935,"ts_local":"15:11:28.257","level":"INFO","dir":"SER->TCP","msg":"CRSF frame | CRSF type=MSP_RESP addr=FC(0xC8) len=62 pl=60 crc=OK","data_len":64,"data_hex":"C83E7BECC84A00FF0000000000FF0000000000FF0000000000FF0000000000FF0000000000FF0000000000FF0000000000FF0000000000FF0000000000FF006D"}
{"ts":1770189088.26092,"ts_local":"15:11:28.260","level":"INFO","dir":"SER->TCP","msg":"CRSF frame | CRSF type=MSP_RESP addr=FC(0xC8) len=62 pl=60 crc=OK","data_len":64,"data_hex":"C83E7BECC84B00000000FF0000000000FF0000000000FF0000000000FF0000000000FF0000000000FF0000000000FF0000000000FF0000000000FF000000003C"}
{"ts":1770189088.2628102,"ts_local":"15:11:28.262","level":"INFO","dir":"SER->TCP","msg":"CRSF frame | CRSF type=MSP_RESP addr=FC(0xC8) len=15 pl=13 crc=OK","data_len":17,"data_hex":"C80F7BECC84C00FF0000000000FF000040"}
{"ts":1770189089.415305,"ts_local":"15:11:29.415","level":"INFO","dir":"TCP","msg":"Client disconnected","data_len":0,"data_hex":""}
