[CFG->FC] MSPv2 < MSP_API_VERSION(1) flags=0x00(0) size=0 crc=ok
[FC->CFG] MSPv2 > MSP_API_VERSION(1) flags=0x00(0) size=3 crc=ok
  protocol_version=0, api_version=2.5
[CFG->FC] MSPv2 < MSP_FC_VARIANT(2) flags=0x00(0) size=0 crc=ok
  fc_variant=
[FC->CFG] MSPv2 > MSP_FC_VARIANT(2) flags=0x00(0) size=4 crc=ok
  fc_variant=INAV
[CFG->FC] MSPv2 < MSP_FC_VERSION(3) flags=0x00(0) size=0 crc=ok
[FC->CFG] MSPv2 > MSP_FC_VERSION(3) flags=0x00(0) size=3 crc=ok
  fc_version=9.0.0
[CFG->FC] MSPv2 < MSP_NAME(10) flags=0x00(0) size=0 crc=ok
  craft_name=
[FC->CFG] MSPv2 > MSP_NAME(10) flags=0x00(0) size=0 crc=ok
  craft_name=
[CFG->FC] MSPv2 < MSP_BUILD_INFO(5) flags=0x00(0) size=0 crc=ok
  build_date=, build_time=, git_rev=
[FC->CFG] MSPv2 > MSP_BUILD_INFO(5) flags=0x00(0) size=27 crc=ok
  build_date=Jan 29 2026, build_time=12:28:15, git_rev=08c23d6
[CFG->FC] MSPv2 < MSP_BOARD_INFO(4) flags=0x00(0) size=0 crc=ok
[FC->CFG] MSPv2 > MSP_BOARD_INFO(4) flags=0x00(0) size=29 crc=ok
  board_id=NRFW, hw_revision=0, osd_support=2, comm_caps=0x00, target_name=NEUTRONRCF435MINI_FW
[CFG->FC] MSPv2 < MSP_UID(160) flags=0x00(0) size=0 crc=ok
[FC->CFG] MSPv2 > MSP_UID(160) flags=0x00(0) size=12 crc=ok
  uid0=0x10992B06, uid1=0x0DD5C000, uid2=0x0DD11701
[CFG->FC] MSPv2 < MSP_BOXIDS(119) flags=0x00(0) size=0 crc=ok
[FC->CFG] MSPv2 > MSP_BOXIDS(119) flags=0x00(0) size=31 crc=ok
  payload_hex=00 33 3D 01 02 23 05 08 03 0C 24 25 15 36 40 0D 3C 13 1B 27 28 29 2A 2B 2C 32 3E 3F 41 42 43
[CFG->FC] MSPv2 < MSP_DATAFLASH_SUMMARY(70) flags=0x00(0) size=0 crc=ok
[FC->CFG] MSPv2 > MSP_DATAFLASH_SUMMARY(70) flags=0x00(0) size=13 crc=ok
  payload_hex=00 00 00 00 00 00 00 00 00 00 00 00 00
[CFG->FC] MSPv2 < MSP2_INAV_MIXER(8208) flags=0x00(0) size=0 crc=ok
[FC->CFG] MSPv2 > MSP2_INAV_MIXER(8208) flags=0x00(0) size=9 crc=ok
  payload_hex=00 00 01 01 00 08 00 0C 12
[CFG->FC] MSPv2 < MSP2_COMMON_SETTING(4099) flags=0x00(0) size=17 crc=ok
  payload_hex=61 70 70 6C 69 65 64 5F 64 65 66 61 75 6C 74 73 00
[FC->CFG] MSPv2 > MSP2_COMMON_SETTING(4099) flags=0x00(0) size=1 crc=ok
  payload_hex=04
[CFG->FC] MSPv2 < MSP_FEATURE(36) flags=0x00(0) size=0 crc=ok
[FC->CFG] MSPv2 > MSP_FEATURE(36) flags=0x00(0) size=4 crc=ok
  payload_hex=06 04 40 00
[CFG->FC] MSPv2 < MSP2_INAV_MIXER(8208) flags=0x00(0) size=0 crc=ok
[FC->CFG] MSPv2 > MSP2_INAV_MIXER(8208) flags=0x00(0) size=9 crc=ok
  payload_hex=00 00 01 01 00 08 00 0C 12
[CFG->FC] MSPv2 < MSP2_INAV_MISC(8195) flags=0x00(0) size=0 crc=ok
[FC->CFG] MSPv2 > MSP2_INAV_MISC(8195) flags=0x00(0) size=41 crc=ok
  payload_hex=DC 05 00 00 D0 07 E8 03 E8 03 00 00 06 00 00 00 4C 04 00 00 A9 01 4A 01 A4 01 5E 01 00 00 00 00 00 00 00 00 00 00 00 00 00
[CFG->FC] MSPv2 < MSP2_COMMON_SERIAL_CONFIG(4105) flags=0x00(0) size=0 crc=ok
[FC->CFG] MSPv2 > MSP2_COMMON_SERIAL_CONFIG(4105) flags=0x00(0) size=27 crc=ok
  payload_hex=00 01 00 00 00 08 08 00 08 04 01 00 00 00 08 08 00 08 06 40 00 00 00 08 08 00 08
[CFG->FC] MSPv2 < MSP_FEATURE(36) flags=0x00(0) size=0 crc=ok
[FC->CFG] MSPv2 > MSP_FEATURE(36) flags=0x00(0) size=4 crc=ok
  payload_hex=06 04 40 00
[CFG->FC] MSPv2 < MSP2_INAV_MIXER(8208) flags=0x00(0) size=0 crc=ok
[FC->CFG] MSPv2 > MSP2_INAV_MIXER(8208) flags=0x00(0) size=9 crc=ok
  payload_hex=00 00 01 01 00 08 00 0C 12
[CFG->FC] MSPv2 < MSP2_INAV_MISC(8195) flags=0x00(0) size=0 crc=ok
[FC->CFG] MSPv2 > MSP2_INAV_MISC(8195) flags=0x00(0) size=41 crc=ok
  payload_hex=DC 05 00 00 D0 07 E8 03 E8 03 00 00 06 00 00 00 4C 04 00 00 A9 01 4A 01 A4 01 5E 01 00 00 00 00 00 00 00 00 00 00 00 00 00
[CFG->FC] MSPv2 < MSP2_COMMON_SERIAL_CONFIG(4105) flags=0x00(0) size=0 crc=ok
[FC->CFG] MSPv2 > MSP2_COMMON_SERIAL_CONFIG(4105) flags=0x00(0) size=27 crc=ok
  payload_hex=00 01 00 00 00 08 08 00 08 04 01 00 00 00 08 08 00 08 06 40 00 00 00 08 08 00 08
[CFG->FC] MSPv2 < MSP2_INAV_MIXER(8208) flags=0x00(0) size=0 crc=ok
[FC->CFG] MSPv2 > MSP2_INAV_MIXER(8208) flags=0x00(0) size=9 crc=ok
  payload_hex=00 00 01 01 00 08 00 0C 12
[CFG->FC] MSPv2 < MSP_MOTOR(104) flags=0x00(0) size=0 crc=ok
[FC->CFG] MSPv2 > MSP_MOTOR(104) flags=0x00(0) size=16 crc=ok
  payload_hex=E8 03 CD FB 16 2C 57 C6 60 D7 04 35 40 82 FC AA
[CFG->FC] MSPv2 < MSP2_INAV_SERVO_MIXER(8224) flags=0x00(0) size=0 crc=ok
[FC->CFG] MSPv2 > MSP2_INAV_SERVO_MIXER(8224) flags=0x00(0) size=432 crc=ok
  payload_hex=01 00 32 00 00 FF 01 01 32 00 00 FF 02 00 CE FF 00 FF 02 01 32 00 00 FF 00 00 00 00 00 FF 00 00 00 00 00 FF 00 00 00 00 00 FF 00 00 00 00 00 FF 00 00 00 00 00 FF 00 00 00 00 00 FF 00 00 00 00 00 FF 00 00 00 00 00 FF 00 00 00 00 00 FF 00 00 00 00 00 FF 00 00 00 00 00 FF 00 00 00 00 00 FF 00 00 00 00 00 FF 00 00 00 00 00 FF 00 00 00 00 00 FF 00 00 00 00 00 FF 00 00 00 00 00 FF 00 00 00 00 00 FF 00 00 00 00 00 FF 00 00 00 00 00 FF 00 00 00 00 00 FF 00 00 00 00 00 FF 00 00 00 00 00 FF 00 00 00 00 00 FF 00 00 00 00 00 FF 00 00 00 00 00 FF 00 00 00 00 00 FF 00 00 00 00 00 FF 00 00 00 00 00 FF 00 00 00 00 00 FF 00 00 00 00 00 FF 00 00 00 00 00 FF 00 00 00 00 00 FF 00 00 00 00 00 FF 00 00 00 00 00 FF 00 00 00 00 00 FF 00 00 00 00 00 FF 00 00 00 00 00 FF 00 00 00 00 00 FF 00 00 00 00 00 FF 00 00 00 00 00 FF 00 00 00 00 00 FF 00 00 00 00 00 FF 00 00 00 00 00 FF 00 00 00 00 00 FF 00 00 00 00 00 FF 00 00 00 00 00 FF 00 00 00 00 00 FF 00 00 00 00 00 FF 00 00 00 00 00 FF 00 00 00 00 00 FF 00 00 00 00 00 FF 00 00 00 00 00 FF 00 00 00 00 00 FF 00 00 00 00 00 FF 00 00 00 00 00 FF 00 00 00 00 00 FF 00 00 00 00 00 FF 00 00 00 00 00 FF 00 00 00 00 00 FF 00 00 00 00 00 FF 00 00 00 00 00 FF 00 00 00 00 00 FF 00 00 00 00 00 FF 00 00 00 00 00 FF 00 00 00 00 00 FF 00 00 00 00 00 FF 00 00 00 00 00 FF
[CFG->FC] MSPv2 < MSP2_COMMON_MOTOR_MIXER(4101) flags=0x00(0) size=0 crc=ok
[FC->CFG] MSPv2 > MSP2_COMMON_MOTOR_MIXER(4101) flags=0x00(0) size=192 crc=ok
  payload_hex=B8 0B D0 07 D0 07 D0 07 D0 07 D0 07 D0 07 D0 07 D0 07 D0 07 D0 07 D0 07 D0 07 D0 07 D0 07 D0 07 D0 07 D0 07 D0 07 D0 07 D0 07 D0 07 D0 07 D0 07 D0 07 D0 07 D0 07 D0 07 D0 07 D0 07 D0 07 D0 07 D0 07 D0 07 D0 07 D0 07 D0 07 D0 07 D0 07 D0 07 D0 07 D0 07 D0 07 D0 07 D0 07 D0 07 D0 07 D0 07 D0 07 D0 07 D0 07 D0 07 D0 07 D0 07 D0 07 D0 07 D0 07 D0 07 D0 07 D0 07 D0 07 D0 07 D0 07 D0 07 D0 07 D0 07 D0 07 D0 07 D0 07 D0 07 D0 07 D0 07 D0 07 D0 07 D0 07 D0 07 D0 07 D0 07 D0 07 D0 07 D0 07 D0 07 D0 07 D0 07 D0 07 D0 07 D0 07 D0 07 D0 07 D0 07 D0 07 D0 07 D0 07 D0 07 D0 07 D0 07
[CFG->FC] MSPv2 < MSP2_INAV_OUTPUT_MAPPING_EXT2(8461) flags=0x00(0) size=0 crc=ok
[FC->CFG] MSPv2 > MSP2_INAV_OUTPUT_MAPPING_EXT2(8461) flags=0x00(0) size=24 crc=ok
  payload_hex=03 04 00 00 00 00 03 04 00 00 00 00 01 08 00 00 00 00 02 08 00 00 00 00
[CFG->FC] MSPv2 < MSP2_INAV_TIMER_OUTPUT_MODE(8206) flags=0x00(0) size=0 crc=ok
[FC->CFG] MSPv2 > MSP2_INAV_TIMER_OUTPUT_MODE(8206) flags=0x00(0) size=30 crc=ok
  payload_hex=00 00 01 00 02 00 03 00 04 00 05 00 06 00 07 00 08 00 09 00 0A 00 0B 00 0C 00 0D 00 0E 00
[CFG->FC] MSPv2 < MSP2_INAV_LOGIC_CONDITIONS_SINGLE(8251) flags=0x00(0) size=1 crc=ok
  payload_hex=00
[FC->CFG] MSPv2 > MSP2_INAV_LOGIC_CONDITIONS_SINGLE(8251) flags=0x00(0) size=14 crc=ok
  payload_hex=00 FF 00 00 00 00 00 00 00 00 00 00 00 00
[CFG->FC] MSPv2 < MSP2_INAV_LOGIC_CONDITIONS_SINGLE(8251) flags=0x00(0) size=1 crc=ok
  payload_hex=01
[FC->CFG] MSPv2 > MSP2_INAV_LOGIC_CONDITIONS_SINGLE(8251) flags=0x00(0) size=14 crc=ok
  payload_hex=00 FF 00 00 00 00 00 00 00 00 00 00 00 00
[CFG->FC] MSPv2 < MSP2_INAV_LOGIC_CONDITIONS_SINGLE(8251) flags=0x00(0) size=1 crc=ok
  payload_hex=02
[FC->CFG] MSPv2 > MSP2_INAV_LOGIC_CONDITIONS_SINGLE(8251) flags=0x00(0) size=14 crc=ok
  payload_hex=00 FF 00 00 00 00 00 00 00 00 00 00 00 00
[CFG->FC] MSPv2 < MSP2_INAV_LOGIC_CONDITIONS_SINGLE(8251) flags=0x00(0) size=1 crc=ok
  payload_hex=03
[FC->CFG] MSPv2 > MSP2_INAV_LOGIC_CONDITIONS_SINGLE(8251) flags=0x00(0) size=14 crc=ok
  payload_hex=00 FF 00 00 00 00 00 00 00 00 00 00 00 00
[CFG->FC] MSPv2 < MSP2_INAV_LOGIC_CONDITIONS_SINGLE(8251) flags=0x00(0) size=1 crc=ok
  payload_hex=04
[FC->CFG] MSPv2 > MSP2_INAV_LOGIC_CONDITIONS_SINGLE(8251) flags=0x00(0) size=14 crc=ok
  payload_hex=00 FF 00 00 00 00 00 00 00 00 00 00 00 00
[CFG->FC] MSPv2 < MSP2_INAV_LOGIC_CONDITIONS_SINGLE(8251) flags=0x00(0) size=1 crc=ok
  payload_hex=05
[FC->CFG] MSPv2 > MSP2_INAV_LOGIC_CONDITIONS_SINGLE(8251) flags=0x00(0) size=14 crc=ok
  payload_hex=00 FF 00 00 00 00 00 00 00 00 00 00 00 00
[CFG->FC] MSPv2 < MSP2_INAV_LOGIC_CONDITIONS_SINGLE(8251) flags=0x00(0) size=1 crc=ok
  payload_hex=06
[FC->CFG] MSPv2 > MSP2_INAV_LOGIC_CONDITIONS_SINGLE(8251) flags=0x00(0) size=14 crc=ok
  payload_hex=00 FF 00 00 00 00 00 00 00 00 00 00 00 00
[CFG->FC] MSPv2 < MSP2_INAV_LOGIC_CONDITIONS_SINGLE(8251) flags=0x00(0) size=1 crc=ok
  payload_hex=07
[FC->CFG] MSPv2 > MSP2_INAV_LOGIC_CONDITIONS_SINGLE(8251) flags=0x00(0) size=14 crc=ok
  payload_hex=00 FF 00 00 00 00 00 00 00 00 00 00 00 00
[CFG->FC] MSPv2 < MSP2_INAV_LOGIC_CONDITIONS_SINGLE(8251) flags=0x00(0) size=1 crc=ok
  payload_hex=08
[FC->CFG] MSPv2 > MSP2_INAV_LOGIC_CONDITIONS_SINGLE(8251) flags=0x00(0) size=14 crc=ok
  payload_hex=00 FF 00 00 00 00 00 00 00 00 00 00 00 00
[CFG->FC] MSPv2 < MSP2_INAV_LOGIC_CONDITIONS_SINGLE(8251) flags=0x00(0) size=1 crc=ok
  payload_hex=09
[FC->CFG] MSPv2 > MSP2_INAV_LOGIC_CONDITIONS_SINGLE(8251) flags=0x00(0) size=14 crc=ok
  payload_hex=00 FF 00 00 00 00 00 00 00 00 00 00 00 00
[CFG->FC] MSPv2 < MSP2_INAV_LOGIC_CONDITIONS_SINGLE(8251) flags=0x00(0) size=1 crc=ok
  payload_hex=0A
[FC->CFG] MSPv2 > MSP2_INAV_LOGIC_CONDITIONS_SINGLE(8251) flags=0x00(0) size=14 crc=ok
  payload_hex=00 FF 00 00 00 00 00 00 00 00 00 00 00 00
[CFG->FC] MSPv2 < MSP2_INAV_LOGIC_CONDITIONS_SINGLE(8251) flags=0x00(0) size=1 crc=ok
  payload_hex=0B
[FC->CFG] MSPv2 > MSP2_INAV_LOGIC_CONDITIONS_SINGLE(8251) flags=0x00(0) size=14 crc=ok
  payload_hex=00 FF 00 00 00 00 00 00 00 00 00 00 00 00
[CFG->FC] MSPv2 < MSP2_INAV_LOGIC_CONDITIONS_SINGLE(8251) flags=0x00(0) size=1 crc=ok
  payload_hex=0C
[FC->CFG] MSPv2 > MSP2_INAV_LOGIC_CONDITIONS_SINGLE(8251) flags=0x00(0) size=14 crc=ok
  payload_hex=00 FF 00 00 00 00 00 00 00 00 00 00 00 00
[CFG->FC] MSPv2 < MSP2_INAV_LOGIC_CONDITIONS_SINGLE(8251) flags=0x00(0) size=1 crc=ok
  payload_hex=0D
[FC->CFG] MSPv2 > MSP2_INAV_LOGIC_CONDITIONS_SINGLE(8251) flags=0x00(0) size=14 crc=ok
  payload_hex=00 FF 00 00 00 00 00 00 00 00 00 00 00 00
[CFG->FC] MSPv2 < MSP2_INAV_LOGIC_CONDITIONS_SINGLE(8251) flags=0x00(0) size=1 crc=ok
  payload_hex=0E
[FC->CFG] MSPv2 > MSP2_INAV_LOGIC_CONDITIONS_SINGLE(8251) flags=0x00(0) size=14 crc=ok
  payload_hex=00 FF 00 00 00 00 00 00 00 00 00 00 00 00
[CFG->FC] MSPv2 < MSP2_INAV_LOGIC_CONDITIONS_SINGLE(8251) flags=0x00(0) size=1 crc=ok
  payload_hex=0F
[FC->CFG] MSPv2 > MSP2_INAV_LOGIC_CONDITIONS_SINGLE(8251) flags=0x00(0) size=14 crc=ok
  payload_hex=00 FF 00 00 00 00 00 00 00 00 00 00 00 00
[CFG->FC] MSPv2 < MSP2_INAV_LOGIC_CONDITIONS_SINGLE(8251) flags=0x00(0) size=1 crc=ok
  payload_hex=10
[FC->CFG] MSPv2 > MSP2_INAV_LOGIC_CONDITIONS_SINGLE(8251) flags=0x00(0) size=14 crc=ok
  payload_hex=00 FF 00 00 00 00 00 00 00 00 00 00 00 00
[CFG->FC] MSPv2 < MSP2_INAV_LOGIC_CONDITIONS_SINGLE(8251) flags=0x00(0) size=1 crc=ok
  payload_hex=11
[FC->CFG] MSPv2 > MSP2_INAV_LOGIC_CONDITIONS_SINGLE(8251) flags=0x00(0) size=14 crc=ok
  payload_hex=00 FF 00 00 00 00 00 00 00 00 00 00 00 00
[CFG->FC] MSPv2 < MSP2_INAV_LOGIC_CONDITIONS_SINGLE(8251) flags=0x00(0) size=1 crc=ok
  payload_hex=12
[FC->CFG] MSPv2 > MSP2_INAV_LOGIC_CONDITIONS_SINGLE(8251) flags=0x00(0) size=14 crc=ok
  payload_hex=00 FF 00 00 00 00 00 00 00 00 00 00 00 00
[CFG->FC] MSPv2 < MSP2_INAV_LOGIC_CONDITIONS_SINGLE(8251) flags=0x00(0) size=1 crc=ok
  payload_hex=13
[FC->CFG] MSPv2 > MSP2_INAV_LOGIC_CONDITIONS_SINGLE(8251) flags=0x00(0) size=14 crc=ok
  payload_hex=00 FF 00 00 00 00 00 00 00 00 00 00 00 00
[CFG->FC] MSPv2 < MSP2_INAV_LOGIC_CONDITIONS_SINGLE(8251) flags=0x00(0) size=1 crc=ok
  payload_hex=14
[FC->CFG] MSPv2 > MSP2_INAV_LOGIC_CONDITIONS_SINGLE(8251) flags=0x00(0) size=14 crc=ok
  payload_hex=00 FF 00 00 00 00 00 00 00 00 00 00 00 00
[CFG->FC] MSPv2 < MSP2_INAV_LOGIC_CONDITIONS_SINGLE(8251) flags=0x00(0) size=1 crc=ok
  payload_hex=15
[FC->CFG] MSPv2 > MSP2_INAV_LOGIC_CONDITIONS_SINGLE(8251) flags=0x00(0) size=14 crc=ok
  payload_hex=00 FF 00 00 00 00 00 00 00 00 00 00 00 00
[CFG->FC] MSPv2 < MSP2_INAV_LOGIC_CONDITIONS_SINGLE(8251) flags=0x00(0) size=1 crc=ok
  payload_hex=16
[FC->CFG] MSPv2 > MSP2_INAV_LOGIC_CONDITIONS_SINGLE(8251) flags=0x00(0) size=14 crc=ok
  payload_hex=00 FF 00 00 00 00 00 00 00 00 00 00 00 00
[CFG->FC] MSPv2 < MSP2_INAV_LOGIC_CONDITIONS_SINGLE(8251) flags=0x00(0) size=1 crc=ok
  payload_hex=17
[FC->CFG] MSPv2 > MSP2_INAV_LOGIC_CONDITIONS_SINGLE(8251) flags=0x00(0) size=14 crc=ok
  payload_hex=00 FF 00 00 00 00 00 00 00 00 00 00 00 00
[CFG->FC] MSPv2 < MSP2_INAV_LOGIC_CONDITIONS_SINGLE(8251) flags=0x00(0) size=1 crc=ok
  payload_hex=18
[FC->CFG] MSPv2 > MSP2_INAV_LOGIC_CONDITIONS_SINGLE(8251) flags=0x00(0) size=14 crc=ok
  payload_hex=00 FF 00 00 00 00 00 00 00 00 00 00 00 00
[CFG->FC] MSPv2 < MSP2_INAV_LOGIC_CONDITIONS_SINGLE(8251) flags=0x00(0) size=1 crc=ok
  payload_hex=19
[FC->CFG] MSPv2 > MSP2_INAV_LOGIC_CONDITIONS_SINGLE(8251) flags=0x00(0) size=14 crc=ok
  payload_hex=00 FF 00 00 00 00 00 00 00 00 00 00 00 00
[CFG->FC] MSPv2 < MSP2_INAV_LOGIC_CONDITIONS_SINGLE(8251) flags=0x00(0) size=1 crc=ok
  payload_hex=1A
[FC->CFG] MSPv2 > MSP2_INAV_LOGIC_CONDITIONS_SINGLE(8251) flags=0x00(0) size=14 crc=ok
  payload_hex=00 FF 00 00 00 00 00 00 00 00 00 00 00 00
[CFG->FC] MSPv2 < MSP2_INAV_LOGIC_CONDITIONS_SINGLE(8251) flags=0x00(0) size=1 crc=ok
  payload_hex=1B
[FC->CFG] MSPv2 > MSP2_INAV_LOGIC_CONDITIONS_SINGLE(8251) flags=0x00(0) size=14 crc=ok
  payload_hex=00 FF 00 00 00 00 00 00 00 00 00 00 00 00
[CFG->FC] MSPv2 < MSP2_INAV_LOGIC_CONDITIONS_SINGLE(8251) flags=0x00(0) size=1 crc=ok
  payload_hex=1C
[FC->CFG] MSPv2 > MSP2_INAV_LOGIC_CONDITIONS_SINGLE(8251) flags=0x00(0) size=14 crc=ok
  payload_hex=00 FF 00 00 00 00 00 00 00 00 00 00 00 00
[CFG->FC] MSPv2 < MSP2_INAV_LOGIC_CONDITIONS_SINGLE(8251) flags=0x00(0) size=1 crc=ok
  payload_hex=1D
[FC->CFG] MSPv2 > MSP2_INAV_LOGIC_CONDITIONS_SINGLE(8251) flags=0x00(0) size=14 crc=ok
  payload_hex=00 FF 00 00 00 00 00 00 00 00 00 00 00 00
[CFG->FC] MSPv2 < MSP2_INAV_LOGIC_CONDITIONS_SINGLE(8251) flags=0x00(0) size=1 crc=ok
  payload_hex=1E
[FC->CFG] MSPv2 > MSP2_INAV_LOGIC_CONDITIONS_SINGLE(8251) flags=0x00(0) size=14 crc=ok
  payload_hex=00 FF 00 00 00 00 00 00 00 00 00 00 00 00
[CFG->FC] MSPv2 < MSP2_INAV_LOGIC_CONDITIONS_SINGLE(8251) flags=0x00(0) size=1 crc=ok
  payload_hex=1F
[FC->CFG] MSPv2 > MSP2_INAV_LOGIC_CONDITIONS_SINGLE(8251) flags=0x00(0) size=14 crc=ok
  payload_hex=00 FF 00 00 00 00 00 00 00 00 00 00 00 00
[CFG->FC] MSPv2 < MSP2_INAV_LOGIC_CONDITIONS_SINGLE(8251) flags=0x00(0) size=1 crc=ok
  payload_hex=20
[FC->CFG] MSPv2 > MSP2_INAV_LOGIC_CONDITIONS_SINGLE(8251) flags=0x00(0) size=14 crc=ok
  payload_hex=00 FF 00 00 00 00 00 00 00 00 00 00 00 00
[CFG->FC] MSPv2 < MSP2_INAV_LOGIC_CONDITIONS_SINGLE(8251) flags=0x00(0) size=1 crc=ok
  payload_hex=21
[FC->CFG] MSPv2 > MSP2_INAV_LOGIC_CONDITIONS_SINGLE(8251) flags=0x00(0) size=14 crc=ok
  payload_hex=00 FF 00 00 00 00 00 00 00 00 00 00 00 00
[CFG->FC] MSPv2 < MSP2_INAV_LOGIC_CONDITIONS_SINGLE(8251) flags=0x00(0) size=1 crc=ok
  payload_hex=22
[FC->CFG] MSPv2 > MSP2_INAV_LOGIC_CONDITIONS_SINGLE(8251) flags=0x00(0) size=14 crc=ok
  payload_hex=00 FF 00 00 00 00 00 00 00 00 00 00 00 00
[CFG->FC] MSPv2 < MSP2_INAV_LOGIC_CONDITIONS_SINGLE(8251) flags=0x00(0) size=1 crc=ok
  payload_hex=23
[FC->CFG] MSPv2 > MSP2_INAV_LOGIC_CONDITIONS_SINGLE(8251) flags=0x00(0) size=14 crc=ok
  payload_hex=00 FF 00 00 00 00 00 00 00 00 00 00 00 00
[CFG->FC] MSPv2 < MSP2_INAV_LOGIC_CONDITIONS_SINGLE(8251) flags=0x00(0) size=1 crc=ok
  payload_hex=24
[FC->CFG] MSPv2 > MSP2_INAV_LOGIC_CONDITIONS_SINGLE(8251) flags=0x00(0) size=14 crc=ok
  payload_hex=00 FF 00 00 00 00 00 00 00 00 00 00 00 00
[CFG->FC] MSPv2 < MSP2_INAV_LOGIC_CONDITIONS_SINGLE(8251) flags=0x00(0) size=1 crc=ok
  payload_hex=25
[FC->CFG] MSPv2 > MSP2_INAV_LOGIC_CONDITIONS_SINGLE(8251) flags=0x00(0) size=14 crc=ok
  payload_hex=00 FF 00 00 00 00 00 00 00 00 00 00 00 00
[CFG->FC] MSPv2 < MSP2_INAV_LOGIC_CONDITIONS_SINGLE(8251) flags=0x00(0) size=1 crc=ok
  payload_hex=26
[FC->CFG] MSPv2 > MSP2_INAV_LOGIC_CONDITIONS_SINGLE(8251) flags=0x00(0) size=14 crc=ok
  payload_hex=00 FF 00 00 00 00 00 00 00 00 00 00 00 00
[CFG->FC] MSPv2 < MSP2_INAV_LOGIC_CONDITIONS_SINGLE(8251) flags=0x00(0) size=1 crc=ok
  payload_hex=27
[FC->CFG] MSPv2 > MSP2_INAV_LOGIC_CONDITIONS_SINGLE(8251) flags=0x00(0) size=14 crc=ok
  payload_hex=00 FF 00 00 00 00 00 00 00 00 00 00 00 00
[CFG->FC] MSPv2 < MSP2_INAV_LOGIC_CONDITIONS_SINGLE(8251) flags=0x00(0) size=1 crc=ok
  payload_hex=28
[FC->CFG] MSPv2 > MSP2_INAV_LOGIC_CONDITIONS_SINGLE(8251) flags=0x00(0) size=14 crc=ok
  payload_hex=00 FF 00 00 00 00 00 00 00 00 00 00 00 00
[CFG->FC] MSPv2 < MSP2_INAV_LOGIC_CONDITIONS_SINGLE(8251) flags=0x00(0) size=1 crc=ok
  payload_hex=29
[FC->CFG] MSPv2 > MSP2_INAV_LOGIC_CONDITIONS_SINGLE(8251) flags=0x00(0) size=14 crc=ok
  payload_hex=00 FF 00 00 00 00 00 00 00 00 00 00 00 00
[CFG->FC] MSPv2 < MSP2_INAV_LOGIC_CONDITIONS_SINGLE(8251) flags=0x00(0) size=1 crc=ok
  payload_hex=2A
[FC->CFG] MSPv2 > MSP2_INAV_LOGIC_CONDITIONS_SINGLE(8251) flags=0x00(0) size=14 crc=ok
  payload_hex=00 FF 00 00 00 00 00 00 00 00 00 00 00 00
[CFG->FC] MSPv2 < MSP2_INAV_LOGIC_CONDITIONS_SINGLE(8251) flags=0x00(0) size=1 crc=ok
  payload_hex=2B
[FC->CFG] MSPv2 > MSP2_INAV_LOGIC_CONDITIONS_SINGLE(8251) flags=0x00(0) size=14 crc=ok
  payload_hex=00 FF 00 00 00 00 00 00 00 00 00 00 00 00
[CFG->FC] MSPv2 < MSP2_INAV_LOGIC_CONDITIONS_SINGLE(8251) flags=0x00(0) size=1 crc=ok
  payload_hex=2C
[FC->CFG] MSPv2 > MSP2_INAV_LOGIC_CONDITIONS_SINGLE(8251) flags=0x00(0) size=14 crc=ok
  payload_hex=00 FF 00 00 00 00 00 00 00 00 00 00 00 00
[CFG->FC] MSPv2 < MSP2_INAV_LOGIC_CONDITIONS_SINGLE(8251) flags=0x00(0) size=1 crc=ok
  payload_hex=2D
[FC->CFG] MSPv2 > MSP2_INAV_LOGIC_CONDITIONS_SINGLE(8251) flags=0x00(0) size=14 crc=ok
  payload_hex=00 FF 00 00 00 00 00 00 00 00 00 00 00 00
[CFG->FC] MSPv2 < MSP2_INAV_LOGIC_CONDITIONS_SINGLE(8251) flags=0x00(0) size=1 crc=ok
  payload_hex=2E
[FC->CFG] MSPv2 > MSP2_INAV_LOGIC_CONDITIONS_SINGLE(8251) flags=0x00(0) size=14 crc=ok
  payload_hex=00 FF 00 00 00 00 00 00 00 00 00 00 00 00
[CFG->FC] MSPv2 < MSP2_INAV_LOGIC_CONDITIONS_SINGLE(8251) flags=0x00(0) size=1 crc=ok
  payload_hex=2F
[FC->CFG] MSPv2 > MSP2_INAV_LOGIC_CONDITIONS_SINGLE(8251) flags=0x00(0) size=14 crc=ok
  payload_hex=00 FF 00 00 00 00 00 00 00 00 00 00 00 00
[CFG->FC] MSPv2 < MSP2_INAV_LOGIC_CONDITIONS_SINGLE(8251) flags=0x00(0) size=1 crc=ok
  payload_hex=30
[FC->CFG] MSPv2 > MSP2_INAV_LOGIC_CONDITIONS_SINGLE(8251) flags=0x00(0) size=14 crc=ok
  payload_hex=00 FF 00 00 00 00 00 00 00 00 00 00 00 00
[CFG->FC] MSPv2 < MSP2_INAV_LOGIC_CONDITIONS_SINGLE(8251) flags=0x00(0) size=1 crc=ok
  payload_hex=31
[FC->CFG] MSPv2 > MSP2_INAV_LOGIC_CONDITIONS_SINGLE(8251) flags=0x00(0) size=14 crc=ok
  payload_hex=00 FF 00 00 00 00 00 00 00 00 00 00 00 00
[CFG->FC] MSPv2 < MSP2_INAV_LOGIC_CONDITIONS_SINGLE(8251) flags=0x00(0) size=1 crc=ok
  payload_hex=32
[FC->CFG] MSPv2 > MSP2_INAV_LOGIC_CONDITIONS_SINGLE(8251) flags=0x00(0) size=14 crc=ok
  payload_hex=00 FF 00 00 00 00 00 00 00 00 00 00 00 00
[CFG->FC] MSPv2 < MSP2_INAV_LOGIC_CONDITIONS_SINGLE(8251) flags=0x00(0) size=1 crc=ok
  payload_hex=33
[FC->CFG] MSPv2 > MSP2_INAV_LOGIC_CONDITIONS_SINGLE(8251) flags=0x00(0) size=14 crc=ok
  payload_hex=00 FF 00 00 00 00 00 00 00 00 00 00 00 00
[CFG->FC] MSPv2 < MSP2_INAV_LOGIC_CONDITIONS_SINGLE(8251) flags=0x00(0) size=1 crc=ok
  payload_hex=34
[FC->CFG] MSPv2 > MSP2_INAV_LOGIC_CONDITIONS_SINGLE(8251) flags=0x00(0) size=14 crc=ok
  payload_hex=00 FF 00 00 00 00 00 00 00 00 00 00 00 00
[CFG->FC] MSPv2 < MSP2_INAV_LOGIC_CONDITIONS_SINGLE(8251) flags=0x00(0) size=1 crc=ok
  payload_hex=35
[FC->CFG] MSPv2 > MSP2_INAV_LOGIC_CONDITIONS_SINGLE(8251) flags=0x00(0) size=14 crc=ok
  payload_hex=00 FF 00 00 00 00 00 00 00 00 00 00 00 00
[CFG->FC] MSPv2 < MSP2_INAV_LOGIC_CONDITIONS_SINGLE(8251) flags=0x00(0) size=1 crc=ok
  payload_hex=36
[FC->CFG] MSPv2 > MSP2_INAV_LOGIC_CONDITIONS_SINGLE(8251) flags=0x00(0) size=14 crc=ok
  payload_hex=00 FF 00 00 00 00 00 00 00 00 00 00 00 00
[CFG->FC] MSPv2 < MSP2_INAV_LOGIC_CONDITIONS_SINGLE(8251) flags=0x00(0) size=1 crc=ok
  payload_hex=37
[FC->CFG] MSPv2 > MSP2_INAV_LOGIC_CONDITIONS_SINGLE(8251) flags=0x00(0) size=14 crc=ok
  payload_hex=00 FF 00 00 00 00 00 00 00 00 00 00 00 00
[CFG->FC] MSPv2 < MSP2_INAV_LOGIC_CONDITIONS_SINGLE(8251) flags=0x00(0) size=1 crc=ok
  payload_hex=38
[FC->CFG] MSPv2 > MSP2_INAV_LOGIC_CONDITIONS_SINGLE(8251) flags=0x00(0) size=14 crc=ok
  payload_hex=00 FF 00 00 00 00 00 00 00 00 00 00 00 00
[CFG->FC] MSPv2 < MSP2_INAV_LOGIC_CONDITIONS_SINGLE(8251) flags=0x00(0) size=1 crc=ok
  payload_hex=39
[FC->CFG] MSPv2 > MSP2_INAV_LOGIC_CONDITIONS_SINGLE(8251) flags=0x00(0) size=14 crc=ok
  payload_hex=00 FF 00 00 00 00 00 00 00 00 00 00 00 00
[CFG->FC] MSPv2 < MSP2_INAV_LOGIC_CONDITIONS_SINGLE(8251) flags=0x00(0) size=1 crc=ok
  payload_hex=3A
[FC->CFG] MSPv2 > MSP2_INAV_LOGIC_CONDITIONS_SINGLE(8251) flags=0x00(0) size=14 crc=ok
  payload_hex=00 FF 00 00 00 00 00 00 00 00 00 00 00 00
[CFG->FC] MSPv2 < MSP2_INAV_LOGIC_CONDITIONS_SINGLE(8251) flags=0x00(0) size=1 crc=ok
  payload_hex=3B
[FC->CFG] MSPv2 > MSP2_INAV_LOGIC_CONDITIONS_SINGLE(8251) flags=0x00(0) size=14 crc=ok
  payload_hex=00 FF 00 00 00 00 00 00 00 00 00 00 00 00
[CFG->FC] MSPv2 < MSP2_INAV_LOGIC_CONDITIONS_SINGLE(8251) flags=0x00(0) size=1 crc=ok
  payload_hex=3C
[FC->CFG] MSPv2 > MSP2_INAV_LOGIC_CONDITIONS_SINGLE(8251) flags=0x00(0) size=14 crc=ok
  payload_hex=00 FF 00 00 00 00 00 00 00 00 00 00 00 00
[CFG->FC] MSPv2 < MSP2_INAV_LOGIC_CONDITIONS_SINGLE(8251) flags=0x00(0) size=1 crc=ok
  payload_hex=3D
[FC->CFG] MSPv2 > MSP2_INAV_LOGIC_CONDITIONS_SINGLE(8251) flags=0x00(0) size=14 crc=ok
  payload_hex=00 FF 00 00 00 00 00 00 00 00 00 00 00 00
[CFG->FC] MSPv2 < MSP2_INAV_LOGIC_CONDITIONS_SINGLE(8251) flags=0x00(0) size=1 crc=ok
  payload_hex=3E
[FC->CFG] MSPv2 > MSP2_INAV_LOGIC_CONDITIONS_SINGLE(8251) flags=0x00(0) size=14 crc=ok
  payload_hex=00 FF 00 00 00 00 00 00 00 00 00 00 00 00
[CFG->FC] MSPv2 < MSP2_INAV_LOGIC_CONDITIONS_SINGLE(8251) flags=0x00(0) size=1 crc=ok
  payload_hex=3F
[FC->CFG] MSPv2 > MSP2_INAV_LOGIC_CONDITIONS_SINGLE(8251) flags=0x00(0) size=14 crc=ok
  payload_hex=00 FF 00 00 00 00 00 00 00 00 00 00 00 00
[CFG->FC] MSPv2 < MSP2_INAV_EZ_TUNE(8304) flags=0x00(0) size=0 crc=ok
[FC->CFG] MSPv2 > MSP2_INAV_EZ_TUNE(8304) flags=0x00(0) size=11 crc=ok
  payload_hex=00 6E 00 6E 64 64 64 64 64 64 00
[CFG->FC] MSPv2 < MSP2_COMMON_SETTING(4099) flags=0x00(0) size=3 crc=ok
  payload_hex=00 96 00
[FC->CFG] MSPv2 > MSP2_COMMON_SETTING(4099) flags=0x00(0) size=1 crc=ok
  payload_hex=00
[CFG->FC] MSPv2 < MSP2_COMMON_SETTING(4099) flags=0x00(0) size=3 crc=ok
  payload_hex=00 96 00
[FC->CFG] MSPv2 > MSP2_COMMON_SETTING(4099) flags=0x00(0) size=1 crc=ok
  payload_hex=00
[CFG->FC] MSPv2 < MSP2_COMMON_SETTING(4099) flags=0x00(0) size=3 crc=ok
  payload_hex=00 9B 00
[FC->CFG] MSPv2 > MSP2_COMMON_SETTING(4099) flags=0x00(0) size=1 crc=ok
  payload_hex=00
[CFG->FC] MSPv2 < MSP2_INAV_EZ_TUNE_SET(8305) flags=0x00(0) size=11 crc=ok
  payload_hex=00 6E 00 6E 64 64 64 64 64 64 00
[FC->CFG] MSPv2 > MSP2_INAV_EZ_TUNE_SET(8305) flags=0x00(0) size=0 crc=ok
[CFG->FC] MSPv2 < MSP2_INAV_LOGIC_CONDITIONS_STATUS(8230) flags=0x00(0) size=0 crc=ok
[FC->CFG] MSPv2 > MSP2_INAV_LOGIC_CONDITIONS_STATUS(8230) flags=0x00(0) size=256 crc=ok
  payload_hex=00 00 00 00 00 00 00 00 00 00 00 00 00 00 00 00 00 00 00 00 00 00 00 00 00 00 00 00 00 00 00 00 00 00 00 00 00 00 00 00 00 00 00 00 00 00 00 00 00 00 00 00 00 00 00 00 00 00 00 00 00 00 00 00 00 00 00 00 00 00 00 00 00 00 00 00 00 00 00 00 00 00 00 00 00 00 00 00 00 00 00 00 00 00 00 00 00 00 00 00 00 00 00 00 00 00 00 00 00 00 00 00 00 00 00 00 00 00 00 00 00 00 00 00 00 00 00 00 00 00 00 00 00 00 00 00 00 00 00 00 00 00 00 00 00 00 00 00 00 00 00 00 00 00 00 00 00 00 00 00 00 00 00 00 00 00 00 00 00 00 00 00 00 00 00 00 00 00 00 00 00 00 00 00 00 00 00 00 00 00 00 00 00 00 00 00 00 00 00 00 00 00 00 00 00 00 00 00 00 00 00 00 00 00 00 00 00 00 00 00 00 00 00 00 00 00 00 00 00 00 00 00 00 00 00 00 00 00 00 00 00 00 00 00 00 00 00 00 00 00 00 00 00 00 00 00
[CFG->FC] MSPv2 < MSP2_INAV_LOGIC_CONDITIONS_STATUS(8230) flags=0x00(0) size=0 crc=ok
[FC->CFG] MSPv2 > MSP2_INAV_LOGIC_CONDITIONS_STATUS(8230) flags=0x00(0) size=256 crc=ok
  payload_hex=00 00 00 00 00 00 00 00 00 00 00 00 00 00 00 00 00 00 00 00 00 00 00 00 00 00 00 00 00 00 00 00 00 00 00 00 00 00 00 00 00 00 00 00 00 00 00 00 00 00 00 00 00 00 00 00 00 00 00 00 00 00 00 00 00 00 00 00 00 00 00 00 00 00 00 00 00 00 00 00 00 00 00 00 00 00 00 00 00 00 00 00 00 00 00 00 00 00 00 00 00 00 00 00 00 00 00 00 00 00 00 00 00 00 00 00 00 00 00 00 00 00 00 00 00 00 00 00 00 00 00 00 00 00 00 00 00 00 00 00 00 00 00 00 00 00 00 00 00 00 00 00 00 00 00 00 00 00 00 00 00 00 00 00 00 00 00 00 00 00 00 00 00 00 00 00 00 00 00 00 00 00 00 00 00 00 00 00 00 00 00 00 00 00 00 00 00 00 00 00 00 00 00 00 00 00 00 00 00 00 00 00 00 00 00 00 00 00 00 00 00 00 00 00 00 00 00 00 00 00 00 00 00 00 00 00 00 00 00 00 00 00 00 00 00 00 00 00 00 00 00 00 00 00 00 00
[CFG->FC] MSPv2 < MSP2_INAV_LOGIC_CONDITIONS_STATUS(8230) flags=0x00(0) size=0 crc=ok
[FC->CFG] MSPv2 > MSP2_INAV_LOGIC_CONDITIONS_STATUS(8230) flags=0x00(0) size=256 crc=ok
  payload_hex=00 00 00 00 00 00 00 00 00 00 00 00 00 00 00 00 00 00 00 00 00 00 00 00 00 00 00 00 00 00 00 00 00 00 00 00 00 00 00 00 00 00 00 00 00 00 00 00 00 00 00 00 00 00 00 00 00 00 00 00 00 00 00 00 00 00 00 00 00 00 00 00 00 00 00 00 00 00 00 00 00 00 00 00 00 00 00 00 00 00 00 00 00 00 00 00 00 00 00 00 00 00 00 00 00 00 00 00 00 00 00 00 00 00 00 00 00 00 00 00 00 00 00 00 00 00 00 00 00 00 00 00 00 00 00 00 00 00 00 00 00 00 00 00 00 00 00 00 00 00 00 00 00 00 00 00 00 00 00 00 00 00 00 00 00 00 00 00 00 00 00 00 00 00 00 00 00 00 00 00 00 00 00 00 00 00 00 00 00 00 00 00 00 00 00 00 00 00 00 00 00 00 00 00 00 00 00 00 00 00 00 00 00 00 00 00 00 00 00 00 00 00 00 00 00 00 00 00 00 00 00 00 00 00 00 00 00 00 00 00 00 00 00 00 00 00 00 00 00 00 00 00 00 00 00 00
[CFG->FC] MSPv2 < MSP2_INAV_LOGIC_CONDITIONS_STATUS(8230) flags=0x00(0) size=0 crc=ok
[FC->CFG] MSPv2 > MSP2_INAV_LOGIC_CONDITIONS_STATUS(8230) flags=0x00(0) size=256 crc=ok
  payload_hex=00 00 00 00 00 00 00 00 00 00 00 00 00 00 00 00 00 00 00 00 00 00 00 00 00 00 00 00 00 00 00 00 00 00 00 00 00 00 00 00 00 00 00 00 00 00 00 00 00 00 00 00 00 00 00 00 00 00 00 00 00 00 00 00 00 00 00 00 00 00 00 00 00 00 00 00 00 00 00 00 00 00 00 00 00 00 00 00 00 00 00 00 00 00 00 00 00 00 00 00 00 00 00 00 00 00 00 00 00 00 00 00 00 00 00 00 00 00 00 00 00 00 00 00 00 00 00 00 00 00 00 00 00 00 00 00 00 00 00 00 00 00 00 00 00 00 00 00 00 00 00 00 00 00 00 00 00 00 00 00 00 00 00 00 00 00 00 00 00 00 00 00 00 00 00 00 00 00 00 00 00 00 00 00 00 00 00 00 00 00 00 00 00 00 00 00 00 00 00 00 00 00 00 00 00 00 00 00 00 00 00 00 00 00 00 00 00 00 00 00 00 00 00 00 00 00 00 00 00 00 00 00 00 00 00 00 00 00 00 00 00 00 00 00 00 00 00 00 00 00 00 00 00 00 00 00
[CFG->FC] MSPv2 < MSP2_INAV_LOGIC_CONDITIONS_STATUS(8230) flags=0x00(0) size=0 crc=ok
[FC->CFG] MSPv2 > MSP2_INAV_LOGIC_CONDITIONS_STATUS(8230) flags=0x00(0) size=256 crc=ok
  payload_hex=00 00 00 00 00 00 00 00 00 00 00 00 00 00 00 00 00 00 00 00 00 00 00 00 00 00 00 00 00 00 00 00 00 00 00 00 00 00 00 00 00 00 00 00 00 00 00 00 00 00 00 00 00 00 00 00 00 00 00 00 00 00 00 00 00 00 00 00 00 00 00 00 00 00 00 00 00 00 00 00 00 00 00 00 00 00 00 00 00 00 00 00 00 00 00 00 00 00 00 00 00 00 00 00 00 00 00 00 00 00 00 00 00 00 00 00 00 00 00 00 00 00 00 00 00 00 00 00 00 00 00 00 00 00 00 00 00 00 00 00 00 00 00 00 00 00 00 00 00 00 00 00 00 00 00 00 00 00 00 00 00 00 00 00 00 00 00 00 00 00 00 00 00 00 00 00 00 00 00 00 00 00 00 00 00 00 00 00 00 00 00 00 00 00 00 00 00 00 00 00 00 00 00 00 00 00 00 00 00 00 00 00 00 00 00 00 00 00 00 00 00 00 00 00 00 00 00 00 00 00 00 00 00 00 00 00 00 00 00 00 00 00 00 00 00 00 00 00 00 00 00 00 00 00 00 00
[CFG->FC] MSPv2 < MSP2_INAV_LOGIC_CONDITIONS_STATUS(8230) flags=0x00(0) size=0 crc=ok
[FC->CFG] MSPv2 > MSP2_INAV_LOGIC_CONDITIONS_STATUS(8230) flags=0x00(0) size=256 crc=ok
  payload_hex=00 00 00 00 00 00 00 00 00 00 00 00 00 00 00 00 00 00 00 00 00 00 00 00 00 00 00 00 00 00 00 00 00 00 00 00 00 00 00 00 00 00 00 00 00 00 00 00 00 00 00 00 00 00 00 00 00 00 00 00 00 00 00 00 00 00 00 00 00 00 00 00 00 00 00 00 00 00 00 00 00 00 00 00 00 00 00 00 00 00 00 00 00 00 00 00 00 00 00 00 00 00 00 00 00 00 00 00 00 00 00 00 00 00 00 00 00 00 00 00 00 00 00 00 00 00 00 00 00 00 00 00 00 00 00 00 00 00 00 00 00 00 00 00 00 00 00 00 00 00 00 00 00 00 00 00 00 00 00 00 00 00 00 00 00 00 00 00 00 00 00 00 00 00 00 00 00 00 00 00 00 00 00 00 00 00 00 00 00 00 00 00 00 00 00 00 00 00 00 00 00 00 00 00 00 00 00 00 00 00 00 00 00 00 00 00 00 00 00 00 00 00 00 00 00 00 00 00 00 00 00 00 00 00 00 00 00 00 00 00 00 00 00 00 00 00 00 00 00 00 00 00 00 00 00 00
[CFG->FC] MSPv2 < MSP2_INAV_LOGIC_CONDITIONS_STATUS(8230) flags=0x00(0) size=0 crc=ok
[FC->CFG] MSPv2 > MSP2_INAV_LOGIC_CONDITIONS_STATUS(8230) flags=0x00(0) size=256 crc=ok
  payload_hex=00 00 00 00 00 00 00 00 00 00 00 00 00 00 00 00 00 00 00 00 00 00 00 00 00 00 00 00 00 00 00 00 00 00 00 00 00 00 00 00 00 00 00 00 00 00 00 00 00 00 00 00 00 00 00 00 00 00 00 00 00 00 00 00 00 00 00 00 00 00 00 00 00 00 00 00 00 00 00 00 00 00 00 00 00 00 00 00 00 00 00 00 00 00 00 00 00 00 00 00 00 00 00 00 00 00 00 00 00 00 00 00 00 00 00 00 00 00 00 00 00 00 00 00 00 00 00 00 00 00 00 00 00 00 00 00 00 00 00 00 00 00 00 00 00 00 00 00 00 00 00 00 00 00 00 00 00 00 00 00 00 00 00 00 00 00 00 00 00 00 00 00 00 00 00 00 00 00 00 00 00 00 00 00 00 00 00 00 00 00 00 00 00 00 00 00 00 00 00 00 00 00 00 00 00 00 00 00 00 00 00 00 00 00 00 00 00 00 00 00 00 00 00 00 00 00 00 00 00 00 00 00 00 00 00 00 00 00 00 00 00 00 00 00 00 00 00 00 00 00 00 00 00 00 00 00
[CFG->FC] MSPv2 < MSP2_INAV_LOGIC_CONDITIONS_STATUS(8230) flags=0x00(0) size=0 crc=ok
[FC->CFG] MSPv2 > MSP2_INAV_LOGIC_CONDITIONS_STATUS(8230) flags=0x00(0) size=256 crc=ok
  payload_hex=00 00 00 00 00 00 00 00 00 00 00 00 00 00 00 00 00 00 00 00 00 00 00 00 00 00 00 00 00 00 00 00 00 00 00 00 00 00 00 00 00 00 00 00 00 00 00 00 00 00 00 00 00 00 00 00 00 00 00 00 00 00 00 00 00 00 00 00 00 00 00 00 00 00 00 00 00 00 00 00 00 00 00 00 00 00 00 00 00 00 00 00 00 00 00 00 00 00 00 00 00 00 00 00 00 00 00 00 00 00 00 00 00 00 00 00 00 00 00 00 00 00 00 00 00 00 00 00 00 00 00 00 00 00 00 00 00 00 00 00 00 00 00 00 00 00 00 00 00 00 00 00 00 00 00 00 00 00 00 00 00 00 00 00 00 00 00 00 00 00 00 00 00 00 00 00 00 00 00 00 00 00 00 00 00 00 00 00 00 00 00 00 00 00 00 00 00 00 00 00 00 00 00 00 00 00 00 00 00 00 00 00 00 00 00 00 00 00 00 00 00 00 00 00 00 00 00 00 00 00 00 00 00 00 00 00 00 00 00 00 00 00 00 00 00 00 00 00 00 00 00 00 00 00 00 00
[CFG->FC] MSPv2 < MSP2_INAV_LOGIC_CONDITIONS_STATUS(8230) flags=0x00(0) size=0 crc=ok
[FC->CFG] MSPv2 > MSP2_INAV_LOGIC_CONDITIONS_STATUS(8230) flags=0x00(0) size=256 crc=ok
  payload_hex=00 00 00 00 00 00 00 00 00 00 00 00 00 00 00 00 00 00 00 00 00 00 00 00 00 00 00 00 00 00 00 00 00 00 00 00 00 00 00 00 00 00 00 00 00 00 00 00 00 00 00 00 00 00 00 00 00 00 00 00 00 00 00 00 00 00 00 00 00 00 00 00 00 00 00 00 00 00 00 00 00 00 00 00 00 00 00 00 00 00 00 00 00 00 00 00 00 00 00 00 00 00 00 00 00 00 00 00 00 00 00 00 00 00 00 00 00 00 00 00 00 00 00 00 00 00 00 00 00 00 00 00 00 00 00 00 00 00 00 00 00 00 00 00 00 00 00 00 00 00 00 00 00 00 00 00 00 00 00 00 00 00 00 00 00 00 00 00 00 00 00 00 00 00 00 00 00 00 00 00 00 00 00 00 00 00 00 00 00 00 00 00 00 00 00 00 00 00 00 00 00 00 00 00 00 00 00 00 00 00 00 00 00 00 00 00 00 00 00 00 00 00 00 00 00 00 00 00 00 00 00 00 00 00 00 00 00 00 00 00 00 00 00 00 00 00 00 00 00 00 00 00 00 00 00 00
[CFG->FC] MSPv2 < MSP2_INAV_LOGIC_CONDITIONS_STATUS(8230) flags=0x00(0) size=0 crc=ok
[FC->CFG] MSPv2 > MSP2_INAV_LOGIC_CONDITIONS_STATUS(8230) flags=0x00(0) size=256 crc=ok
  payload_hex=00 00 00 00 00 00 00 00 00 00 00 00 00 00 00 00 00 00 00 00 00 00 00 00 00 00 00 00 00 00 00 00 00 00 00 00 00 00 00 00 00 00 00 00 00 00 00 00 00 00 00 00 00 00 00 00 00 00 00 00 00 00 00 00 00 00 00 00 00 00 00 00 00 00 00 00 00 00 00 00 00 00 00 00 00 00 00 00 00 00 00 00 00 00 00 00 00 00 00 00 00 00 00 00 00 00 00 00 00 00 00 00 00 00 00 00 00 00 00 00 00 00 00 00 00 00 00 00 00 00 00 00 00 00 00 00 00 00 00 00 00 00 00 00 00 00 00 00 00 00 00 00 00 00 00 00 00 00 00 00 00 00 00 00 00 00 00 00 00 00 00 00 00 00 00 00 00 00 00 00 00 00 00 00 00 00 00 00 00 00 00 00 00 00 00 00 00 00 00 00 00 00 00 00 00 00 00 00 00 00 00 00 00 00 00 00 00 00 00 00 00 00 00 00 00 00 00 00 00 00 00 00 00 00 00 00 00 00 00 00 00 00 00 00 00 00 00 00 00 00 00 00 00 00 00 00
[CFG->FC] MSPv2 < MSP2_INAV_LOGIC_CONDITIONS_STATUS(8230) flags=0x00(0) size=0 crc=ok
[FC->CFG] MSPv2 > MSP2_INAV_LOGIC_CONDITIONS_STATUS(8230) flags=0x00(0) size=256 crc=ok
  payload_hex=00 00 00 00 00 00 00 00 00 00 00 00 00 00 00 00 00 00 00 00 00 00 00 00 00 00 00 00 00 00 00 00 00 00 00 00 00 00 00 00 00 00 00 00 00 00 00 00 00 00 00 00 00 00 00 00 00 00 00 00 00 00 00 00 00 00 00 00 00 00 00 00 00 00 00 00 00 00 00 00 00 00 00 00 00 00 00 00 00 00 00 00 00 00 00 00 00 00 00 00 00 00 00 00 00 00 00 00 00 00 00 00 00 00 00 00 00 00 00 00 00 00 00 00 00 00 00 00 00 00 00 00 00 00 00 00 00 00 00 00 00 00 00 00 00 00 00 00 00 00 00 00 00 00 00 00 00 00 00 00 00 00 00 00 00 00 00 00 00 00 00 00 00 00 00 00 00 00 00 00 00 00 00 00 00 00 00 00 00 00 00 00 00 00 00 00 00 00 00 00 00 00 00 00 00 00 00 00 00 00 00 00 00 00 00 00 00 00 00 00 00 00 00 00 00 00 00 00 00 00 00 00 00 00 00 00 00 00 00 00 00 00 00 00 00 00 00 00 00 00 00 00 00 00 00 00
[CFG->FC] MSPv2 < MSP2_INAV_LOGIC_CONDITIONS_STATUS(8230) flags=0x00(0) size=0 crc=ok
[FC->CFG] MSPv2 > MSP2_INAV_LOGIC_CONDITIONS_STATUS(8230) flags=0x00(0) size=256 crc=ok
  payload_hex=00 00 00 00 00 00 00 00 00 00 00 00 00 00 00 00 00 00 00 00 00 00 00 00 00 00 00 00 00 00 00 00 00 00 00 00 00 00 00 00 00 00 00 00 00 00 00 00 00 00 00 00 00 00 00 00 00 00 00 00 00 00 00 00 00 00 00 00 00 00 00 00 00 00 00 00 00 00 00 00 00 00 00 00 00 00 00 00 00 00 00 00 00 00 00 00 00 00 00 00 00 00 00 00 00 00 00 00 00 00 00 00 00 00 00 00 00 00 00 00 00 00 00 00 00 00 00 00 00 00 00 00 00 00 00 00 00 00 00 00 00 00 00 00 00 00 00 00 00 00 00 00 00 00 00 00 00 00 00 00 00 00 00 00 00 00 00 00 00 00 00 00 00 00 00 00 00 00 00 00 00 00 00 00 00 00 00 00 00 00 00 00 00 00 00 00 00 00 00 00 00 00 00 00 00 00 00 00 00 00 00 00 00 00 00 00 00 00 00 00 00 00 00 00 00 00 00 00 00 00 00 00 00 00 00 00 00 00 00 00 00 00 00 00 00 00 00 00 00 00 00 00 00 00 00 00
[CFG->FC] MSPv2 < MSP2_INAV_LOGIC_CONDITIONS_STATUS(8230) flags=0x00(0) size=0 crc=ok
[FC->CFG] MSPv2 > MSP2_INAV_LOGIC_CONDITIONS_STATUS(8230) flags=0x00(0) size=256 crc=ok
  payload_hex=00 00 00 00 00 00 00 00 00 00 00 00 00 00 00 00 00 00 00 00 00 00 00 00 00 00 00 00 00 00 00 00 00 00 00 00 00 00 00 00 00 00 00 00 00 00 00 00 00 00 00 00 00 00 00 00 00 00 00 00 00 00 00 00 00 00 00 00 00 00 00 00 00 00 00 00 00 00 00 00 00 00 00 00 00 00 00 00 00 00 00 00 00 00 00 00 00 00 00 00 00 00 00 00 00 00 00 00 00 00 00 00 00 00 00 00 00 00 00 00 00 00 00 00 00 00 00 00 00 00 00 00 00 00 00 00 00 00 00 00 00 00 00 00 00 00 00 00 00 00 00 00 00 00 00 00 00 00 00 00 00 00 00 00 00 00 00 00 00 00 00 00 00 00 00 00 00 00 00 00 00 00 00 00 00 00 00 00 00 00 00 00 00 00 00 00 00 00 00 00 00 00 00 00 00 00 00 00 00 00 00 00 00 00 00 00 00 00 00 00 00 00 00 00 00 00 00 00 00 00 00 00 00 00 00 00 00 00 00 00 00 00 00 00 00 00 00 00 00 00 00 00 00 00 00 00
